This is pdfTeX, Version 3.14159265-2.6-1.40.19 (TeX Live 2018) (preloaded format=pdflatex 2018.4.16)  12 JAN 2019 17:12
entering extended mode
 restricted \write18 enabled.
 file:line:error style messages enabled.
 %&-line parsing enabled.
**SORVolumes.tex
(./SORVolumes.tex
LaTeX2e <2018-04-01> patch level 2
Babel <3.18> and hyphenation patterns for 84 language(s) loaded.
(/usr/local/texlive/2018/texmf-dist/tex/latex/base/article.cls
Document Class: article 2014/09/29 v1.4h Standard LaTeX document class
(/usr/local/texlive/2018/texmf-dist/tex/latex/base/size10.clo
File: size10.clo 2014/09/29 v1.4h Standard LaTeX file (size option)
)
\c@part=\count80
\c@section=\count81
\c@subsection=\count82
\c@subsubsection=\count83
\c@paragraph=\count84
\c@subparagraph=\count85
\c@figure=\count86
\c@table=\count87
\abovecaptionskip=\skip41
\belowcaptionskip=\skip42
\bibindent=\dimen102
)
(/usr/local/texlive/2018/texmf-dist/tex/latex/amsmath/amsmath.sty
Package: amsmath 2017/09/02 v2.17a AMS math features
\@mathmargin=\skip43

For additional information on amsmath, use the `?' option.
(/usr/local/texlive/2018/texmf-dist/tex/latex/amsmath/amstext.sty
Package: amstext 2000/06/29 v2.01 AMS text

(/usr/local/texlive/2018/texmf-dist/tex/latex/amsmath/amsgen.sty
File: amsgen.sty 1999/11/30 v2.0 generic functions
\@emptytoks=\toks14
\ex@=\dimen103
))
(/usr/local/texlive/2018/texmf-dist/tex/latex/amsmath/amsbsy.sty
Package: amsbsy 1999/11/29 v1.2d Bold Symbols
\pmbraise@=\dimen104
)
(/usr/local/texlive/2018/texmf-dist/tex/latex/amsmath/amsopn.sty
Package: amsopn 2016/03/08 v2.02 operator names
)
\inf@bad=\count88
LaTeX Info: Redefining \frac on input line 213.
\uproot@=\count89
\leftroot@=\count90
LaTeX Info: Redefining \overline on input line 375.
\classnum@=\count91
\DOTSCASE@=\count92
LaTeX Info: Redefining \ldots on input line 472.
LaTeX Info: Redefining \dots on input line 475.
LaTeX Info: Redefining \cdots on input line 596.
\Mathstrutbox@=\box26
\strutbox@=\box27
\big@size=\dimen105
LaTeX Font Info:    Redeclaring font encoding OML on input line 712.
LaTeX Font Info:    Redeclaring font encoding OMS on input line 713.
\macc@depth=\count93
\c@MaxMatrixCols=\count94
\dotsspace@=\muskip10
\c@parentequation=\count95
\dspbrk@lvl=\count96
\tag@help=\toks15
\row@=\count97
\column@=\count98
\maxfields@=\count99
\andhelp@=\toks16
\eqnshift@=\dimen106
\alignsep@=\dimen107
\tagshift@=\dimen108
\tagwidth@=\dimen109
\totwidth@=\dimen110
\lineht@=\dimen111
\@envbody=\toks17
\multlinegap=\skip44
\multlinetaggap=\skip45
\mathdisplay@stack=\toks18
LaTeX Info: Redefining \[ on input line 2817.
LaTeX Info: Redefining \] on input line 2818.
)
(/usr/local/texlive/2018/texmf-dist/tex/latex/geometry/geometry.sty
Package: geometry 2018/03/24 v5.7 Page Geometry

(/usr/local/texlive/2018/texmf-dist/tex/latex/graphics/keyval.sty
Package: keyval 2014/10/28 v1.15 key=value parser (DPC)
\KV@toks@=\toks19
)
(/usr/local/texlive/2018/texmf-dist/tex/generic/oberdiek/ifpdf.sty
Package: ifpdf 2017/03/15 v3.2 Provides the ifpdf switch
)
(/usr/local/texlive/2018/texmf-dist/tex/generic/oberdiek/ifvtex.sty
Package: ifvtex 2016/05/16 v1.6 Detect VTeX and its facilities (HO)
Package ifvtex Info: VTeX not detected.
)
(/usr/local/texlive/2018/texmf-dist/tex/generic/ifxetex/ifxetex.sty
Package: ifxetex 2010/09/12 v0.6 Provides ifxetex conditional
)
\Gm@cnth=\count100
\Gm@cntv=\count101
\c@Gm@tempcnt=\count102
\Gm@bindingoffset=\dimen112
\Gm@wd@mp=\dimen113
\Gm@odd@mp=\dimen114
\Gm@even@mp=\dimen115
\Gm@layoutwidth=\dimen116
\Gm@layoutheight=\dimen117
\Gm@layouthoffset=\dimen118
\Gm@layoutvoffset=\dimen119
\Gm@dimlist=\toks20
)
(/usr/local/texlive/2018/texmf-dist/tex/latex/fancyhdr/fancyhdr.sty
Package: fancyhdr 2017/06/30 v3.9a Extensive control of page headers and footer
s
\f@nch@headwidth=\skip46
\f@nch@O@elh=\skip47
\f@nch@O@erh=\skip48
\f@nch@O@olh=\skip49
\f@nch@O@orh=\skip50
\f@nch@O@elf=\skip51
\f@nch@O@erf=\skip52
\f@nch@O@olf=\skip53
\f@nch@O@orf=\skip54
)
(/usr/local/texlive/2018/texmf-dist/tex/latex/lipsum/lipsum.sty
Package: lipsum 2014/07/27 v1.3 150 paragraphs of Lorem Ipsum dummy text
\c@lips@count=\count103
)
(/usr/local/texlive/2018/texmf-dist/tex/latex/graphics/graphicx.sty
Package: graphicx 2017/06/01 v1.1a Enhanced LaTeX Graphics (DPC,SPQR)

(/usr/local/texlive/2018/texmf-dist/tex/latex/graphics/graphics.sty
Package: graphics 2017/06/25 v1.2c Standard LaTeX Graphics (DPC,SPQR)

(/usr/local/texlive/2018/texmf-dist/tex/latex/graphics/trig.sty
Package: trig 2016/01/03 v1.10 sin cos tan (DPC)
)
(/usr/local/texlive/2018/texmf-dist/tex/latex/graphics-cfg/graphics.cfg
File: graphics.cfg 2016/06/04 v1.11 sample graphics configuration
)
Package graphics Info: Driver file: pdftex.def on input line 99.

(/usr/local/texlive/2018/texmf-dist/tex/latex/graphics-def/pdftex.def
File: pdftex.def 2018/01/08 v1.0l Graphics/color driver for pdftex
))
\Gin@req@height=\dimen120
\Gin@req@width=\dimen121
)
(/usr/local/texlive/2018/texmf-dist/tex/latex/caption/subcaption.sty
Package: subcaption 2016/05/22 v1.1-161 Sub-captions (AR)

(/usr/local/texlive/2018/texmf-dist/tex/latex/caption/caption.sty
Package: caption 2016/02/21 v3.3-144 Customizing captions (AR)

(/usr/local/texlive/2018/texmf-dist/tex/latex/caption/caption3.sty
Package: caption3 2016/05/22 v1.7-166 caption3 kernel (AR)
Package caption3 Info: TeX engine: e-TeX on input line 67.
\captionmargin=\dimen122
\captionmargin@=\dimen123
\captionwidth=\dimen124
\caption@tempdima=\dimen125
\caption@indent=\dimen126
\caption@parindent=\dimen127
\caption@hangindent=\dimen128
)
\c@ContinuedFloat=\count104
)
\c@subfigure=\count105
\c@subtable=\count106
)
(/usr/local/texlive/2018/texmf-dist/tex/latex/wrapfig/wrapfig.sty
\wrapoverhang=\dimen129
\WF@size=\dimen130
\c@WF@wrappedlines=\count107
\WF@box=\box28
\WF@everypar=\toks21
Package: wrapfig 2003/01/31  v 3.6
)
(/usr/local/texlive/2018/texmf-dist/tex/latex/hyperref/hyperref.sty
Package: hyperref 2018/02/06 v6.86b Hypertext links for LaTeX

(/usr/local/texlive/2018/texmf-dist/tex/generic/oberdiek/hobsub-hyperref.sty
Package: hobsub-hyperref 2016/05/16 v1.14 Bundle oberdiek, subset hyperref (HO)


(/usr/local/texlive/2018/texmf-dist/tex/generic/oberdiek/hobsub-generic.sty
Package: hobsub-generic 2016/05/16 v1.14 Bundle oberdiek, subset generic (HO)
Package: hobsub 2016/05/16 v1.14 Construct package bundles (HO)
Package: infwarerr 2016/05/16 v1.4 Providing info/warning/error messages (HO)
Package: ltxcmds 2016/05/16 v1.23 LaTeX kernel commands for general use (HO)
Package: ifluatex 2016/05/16 v1.4 Provides the ifluatex switch (HO)
Package ifluatex Info: LuaTeX not detected.
Package hobsub Info: Skipping package `ifvtex' (already loaded).
Package: intcalc 2016/05/16 v1.2 Expandable calculations with integers (HO)
Package hobsub Info: Skipping package `ifpdf' (already loaded).
Package: etexcmds 2016/05/16 v1.6 Avoid name clashes with e-TeX commands (HO)
Package etexcmds Info: Could not find \expanded.
(etexcmds)             That can mean that you are not using pdfTeX 1.50 or
(etexcmds)             that some package has redefined \expanded.
(etexcmds)             In the latter case, load this package earlier.
Package: kvsetkeys 2016/05/16 v1.17 Key value parser (HO)
Package: kvdefinekeys 2016/05/16 v1.4 Define keys (HO)
Package: pdftexcmds 2018/01/30 v0.27 Utility functions of pdfTeX for LuaTeX (HO
)
Package pdftexcmds Info: LuaTeX not detected.
Package pdftexcmds Info: \pdf@primitive is available.
Package pdftexcmds Info: \pdf@ifprimitive is available.
Package pdftexcmds Info: \pdfdraftmode found.
Package: pdfescape 2016/05/16 v1.14 Implements pdfTeX's escape features (HO)
Package: bigintcalc 2016/05/16 v1.4 Expandable calculations on big integers (HO
)
Package: bitset 2016/05/16 v1.2 Handle bit-vector datatype (HO)
Package: uniquecounter 2016/05/16 v1.3 Provide unlimited unique counter (HO)
)
Package hobsub Info: Skipping package `hobsub' (already loaded).
Package: letltxmacro 2016/05/16 v1.5 Let assignment for LaTeX macros (HO)
Package: hopatch 2016/05/16 v1.3 Wrapper for package hooks (HO)
Package: xcolor-patch 2016/05/16 xcolor patch
Package: atveryend 2016/05/16 v1.9 Hooks at the very end of document (HO)
Package atveryend Info: \enddocument detected (standard20110627).
Package: atbegshi 2016/06/09 v1.18 At begin shipout hook (HO)
Package: refcount 2016/05/16 v3.5 Data extraction from label references (HO)
Package: hycolor 2016/05/16 v1.8 Color options for hyperref/bookmark (HO)
)
(/usr/local/texlive/2018/texmf-dist/tex/latex/oberdiek/auxhook.sty
Package: auxhook 2016/05/16 v1.4 Hooks for auxiliary files (HO)
)
(/usr/local/texlive/2018/texmf-dist/tex/latex/oberdiek/kvoptions.sty
Package: kvoptions 2016/05/16 v3.12 Key value format for package options (HO)
)
\@linkdim=\dimen131
\Hy@linkcounter=\count108
\Hy@pagecounter=\count109

(/usr/local/texlive/2018/texmf-dist/tex/latex/hyperref/pd1enc.def
File: pd1enc.def 2018/02/06 v6.86b Hyperref: PDFDocEncoding definition (HO)
Now handling font encoding PD1 ...
... no UTF-8 mapping file for font encoding PD1
)
\Hy@SavedSpaceFactor=\count110

(/usr/local/texlive/2018/texmf-dist/tex/latex/latexconfig/hyperref.cfg
File: hyperref.cfg 2002/06/06 v1.2 hyperref configuration of TeXLive
)
Package hyperref Info: Hyper figures OFF on input line 4509.
Package hyperref Info: Link nesting OFF on input line 4514.
Package hyperref Info: Hyper index ON on input line 4517.
Package hyperref Info: Plain pages OFF on input line 4524.
Package hyperref Info: Backreferencing OFF on input line 4529.
Package hyperref Info: Implicit mode ON; LaTeX internals redefined.
Package hyperref Info: Bookmarks ON on input line 4762.
\c@Hy@tempcnt=\count111

(/usr/local/texlive/2018/texmf-dist/tex/latex/url/url.sty
\Urlmuskip=\muskip11
Package: url 2013/09/16  ver 3.4  Verb mode for urls, etc.
)
LaTeX Info: Redefining \url on input line 5115.
\XeTeXLinkMargin=\dimen132
\Fld@menulength=\count112
\Field@Width=\dimen133
\Fld@charsize=\dimen134
Package hyperref Info: Hyper figures OFF on input line 6369.
Package hyperref Info: Link nesting OFF on input line 6374.
Package hyperref Info: Hyper index ON on input line 6377.
Package hyperref Info: backreferencing OFF on input line 6384.
Package hyperref Info: Link coloring OFF on input line 6389.
Package hyperref Info: Link coloring with OCG OFF on input line 6394.
Package hyperref Info: PDF/A mode OFF on input line 6399.
LaTeX Info: Redefining \ref on input line 6439.
LaTeX Info: Redefining \pageref on input line 6443.
\Hy@abspage=\count113
\c@Item=\count114
\c@Hfootnote=\count115
)
Package hyperref Info: Driver (autodetected): hpdftex.

(/usr/local/texlive/2018/texmf-dist/tex/latex/hyperref/hpdftex.def
File: hpdftex.def 2018/02/06 v6.86b Hyperref driver for pdfTeX
\Fld@listcount=\count116
\c@bookmark@seq@number=\count117

(/usr/local/texlive/2018/texmf-dist/tex/latex/oberdiek/rerunfilecheck.sty
Package: rerunfilecheck 2016/05/16 v1.8 Rerun checks for auxiliary files (HO)
Package uniquecounter Info: New unique counter `rerunfilecheck' on input line 2
82.
)
\Hy@SectionHShift=\skip55
)
(/usr/local/texlive/2018/texmf-dist/tex/latex/xcolor/xcolor.sty
Package: xcolor 2016/05/11 v2.12 LaTeX color extensions (UK)

(/usr/local/texlive/2018/texmf-dist/tex/latex/graphics-cfg/color.cfg
File: color.cfg 2016/01/02 v1.6 sample color configuration
)
Package xcolor Info: Driver file: pdftex.def on input line 225.
Package xcolor Info: Model `cmy' substituted by `cmy0' on input line 1348.
Package xcolor Info: Model `hsb' substituted by `rgb' on input line 1352.
Package xcolor Info: Model `RGB' extended on input line 1364.
Package xcolor Info: Model `HTML' substituted by `rgb' on input line 1366.
Package xcolor Info: Model `Hsb' substituted by `hsb' on input line 1367.
Package xcolor Info: Model `tHsb' substituted by `hsb' on input line 1368.
Package xcolor Info: Model `HSB' substituted by `hsb' on input line 1369.
Package xcolor Info: Model `Gray' substituted by `gray' on input line 1370.
Package xcolor Info: Model `wave' substituted by `hsb' on input line 1371.
)
(/usr/local/texlive/2018/texmf-dist/tex/latex/tocbibind/tocbibind.sty
Package: tocbibind 2010/10/13 v1.5k extra ToC listings
Package tocbibind Info: The document has section divisions on input line 50.


Package tocbibind Note: Using section or other style headings.

) (./SORVolumes.aux)
\openout1 = `SORVolumes.aux'.

LaTeX Font Info:    Checking defaults for OML/cmm/m/it on input line 18.
LaTeX Font Info:    ... okay on input line 18.
LaTeX Font Info:    Checking defaults for T1/cmr/m/n on input line 18.
LaTeX Font Info:    ... okay on input line 18.
LaTeX Font Info:    Checking defaults for OT1/cmr/m/n on input line 18.
LaTeX Font Info:    ... okay on input line 18.
LaTeX Font Info:    Checking defaults for OMS/cmsy/m/n on input line 18.
LaTeX Font Info:    ... okay on input line 18.
LaTeX Font Info:    Checking defaults for OMX/cmex/m/n on input line 18.
LaTeX Font Info:    ... okay on input line 18.
LaTeX Font Info:    Checking defaults for U/cmr/m/n on input line 18.
LaTeX Font Info:    ... okay on input line 18.
LaTeX Font Info:    Checking defaults for PD1/pdf/m/n on input line 18.
LaTeX Font Info:    ... okay on input line 18.

*geometry* driver: auto-detecting
*geometry* detected driver: pdftex
*geometry* verbose mode - [ preamble ] result:
* driver: pdftex
* paper: letterpaper
* layout: <same size as paper>
* layoutoffset:(h,v)=(0.0pt,0.0pt)
* modes: 
* h-part:(L,W,R)=(72.26999pt, 469.75502pt, 72.26999pt)
* v-part:(T,H,B)=(72.26999pt, 650.43001pt, 72.26999pt)
* \paperwidth=614.295pt
* \paperheight=794.96999pt
* \textwidth=469.75502pt
* \textheight=650.43001pt
* \oddsidemargin=0.0pt
* \evensidemargin=0.0pt
* \topmargin=-37.0pt
* \headheight=12.0pt
* \headsep=25.0pt
* \topskip=10.0pt
* \footskip=18.06749pt
* \marginparwidth=65.0pt
* \marginparsep=11.0pt
* \columnsep=10.0pt
* \skip\footins=9.0pt plus 4.0pt minus 2.0pt
* \hoffset=0.0pt
* \voffset=0.0pt
* \mag=1000
* \@twocolumnfalse
* \@twosidefalse
* \@mparswitchfalse
* \@reversemarginfalse
* (1in=72.27pt=25.4mm, 1cm=28.453pt)

(/usr/local/texlive/2018/texmf-dist/tex/context/base/mkii/supp-pdf.mkii
[Loading MPS to PDF converter (version 2006.09.02).]
\scratchcounter=\count118
\scratchdimen=\dimen135
\scratchbox=\box29
\nofMPsegments=\count119
\nofMParguments=\count120
\everyMPshowfont=\toks22
\MPscratchCnt=\count121
\MPscratchDim=\dimen136
\MPnumerator=\count122
\makeMPintoPDFobject=\count123
\everyMPtoPDFconversion=\toks23
) (/usr/local/texlive/2018/texmf-dist/tex/latex/oberdiek/epstopdf-base.sty
Package: epstopdf-base 2016/05/15 v2.6 Base part for package epstopdf

(/usr/local/texlive/2018/texmf-dist/tex/latex/oberdiek/grfext.sty
Package: grfext 2016/05/16 v1.2 Manage graphics extensions (HO)
)
Package epstopdf-base Info: Redefining graphics rule for `.eps' on input line 4
38.
Package grfext Info: Graphics extension search list:
(grfext)             [.pdf,.png,.jpg,.mps,.jpeg,.jbig2,.jb2,.PDF,.PNG,.JPG,.JPE
G,.JBIG2,.JB2,.eps]
(grfext)             \AppendGraphicsExtensions on input line 456.

(/usr/local/texlive/2018/texmf-dist/tex/latex/latexconfig/epstopdf-sys.cfg
File: epstopdf-sys.cfg 2010/07/13 v1.3 Configuration of (r)epstopdf for TeX Liv
e
))
Package caption Info: Begin \AtBeginDocument code.
Package caption Info: hyperref package is loaded.
Package caption Info: wrapfig package is loaded.
Package caption Info: End \AtBeginDocument code.
\AtBeginShipoutBox=\box30
Package hyperref Info: Link coloring OFF on input line 18.

(/usr/local/texlive/2018/texmf-dist/tex/latex/hyperref/nameref.sty
Package: nameref 2016/05/21 v2.44 Cross-referencing by name of section

(/usr/local/texlive/2018/texmf-dist/tex/generic/oberdiek/gettitlestring.sty
Package: gettitlestring 2016/05/16 v1.5 Cleanup title references (HO)
)
\c@section@level=\count124
)
LaTeX Info: Redefining \ref on input line 18.
LaTeX Info: Redefining \pageref on input line 18.
LaTeX Info: Redefining \nameref on input line 18.

(./SORVolumes.out) (./SORVolumes.out)
\@outlinefile=\write3
\openout3 = `SORVolumes.out'.

 [1

{/usr/local/texlive/2018/texmf-var/fonts/map/pdftex/updmap/pdftex.map}] (./SORV
olumes.toc)
\tf@toc=\write4
\openout4 = `SORVolumes.toc'.

 (./SORVolumes.lof)
\tf@lof=\write5
\openout5 = `SORVolumes.lof'.

 [1]
<Blender/ParabolaLineIntegration-AbstractCylinder-f_0001.png, id=126, 1390.1937
6pt x 1084.05pt>
File: Blender/ParabolaLineIntegration-AbstractCylinder-f_0001.png Graphic file 
(type png)
<use Blender/ParabolaLineIntegration-AbstractCylinder-f_0001.png>
Package pdftex.def Info: Blender/ParabolaLineIntegration-AbstractCylinder-f_000
1.png  used on input line 41.
(pdftex.def)             Requested size: 187.89914pt x 146.50584pt.
<Blender/ParabolaLineIntegration-AbstractCone-f_0001.png, id=128, 1390.19376pt 
x 1084.05pt>
File: Blender/ParabolaLineIntegration-AbstractCone-f_0001.png Graphic file (typ
e png)
<use Blender/ParabolaLineIntegration-AbstractCone-f_0001.png>
Package pdftex.def Info: Blender/ParabolaLineIntegration-AbstractCone-f_0001.pn
g  used on input line 46.
(pdftex.def)             Requested size: 187.89914pt x 146.50584pt.
<Blender/ParabolaLineIntegration-AbstractTeardrop-f_0090.png, id=133, 1390.1937
6pt x 1084.05pt>
File: Blender/ParabolaLineIntegration-AbstractTeardrop-f_0090.png Graphic file 
(type png)
<use Blender/ParabolaLineIntegration-AbstractTeardrop-f_0090.png>
Package pdftex.def Info: Blender/ParabolaLineIntegration-AbstractTeardrop-f_009
0.png  used on input line 56.
(pdftex.def)             Requested size: 281.85587pt x 219.78358pt.

[1 <./Blender/ParabolaLineIntegration-AbstractCylinder-f_0001.png> <./Blender/P
arabolaLineIntegration-AbstractCone-f_0001.png> <./Blender/ParabolaLineIntegrat
ion-AbstractTeardrop-f_0090.png>] [2]
<Blender/ParabolaLineIntegration-ConeDiagram-f2_0001.png, id=148, 1390.19376pt 
x 1084.05pt>
File: Blender/ParabolaLineIntegration-ConeDiagram-f2_0001.png Graphic file (typ
e png)
<use Blender/ParabolaLineIntegration-ConeDiagram-f2_0001.png>
Package pdftex.def Info: Blender/ParabolaLineIntegration-ConeDiagram-f2_0001.pn
g  used on input line 71.
(pdftex.def)             Requested size: 187.89914pt x 146.50584pt.
<Blender/ParabolaLineIntegration-ConeGIF-f2_0090.png, id=149, 1390.19376pt x 10
84.05pt>
File: Blender/ParabolaLineIntegration-ConeGIF-f2_0090.png Graphic file (type pn
g)
<use Blender/ParabolaLineIntegration-ConeGIF-f2_0090.png>
Package pdftex.def Info: Blender/ParabolaLineIntegration-ConeGIF-f2_0090.png  u
sed on input line 76.
(pdftex.def)             Requested size: 187.89914pt x 146.50584pt.
<Blender/ParabolaLineIntegration-ConeTriangles-f2_0001.png, id=153, 1390.19376p
t x 1084.05pt>
File: Blender/ParabolaLineIntegration-ConeTriangles-f2_0001.png Graphic file (t
ype png)
<use Blender/ParabolaLineIntegration-ConeTriangles-f2_0001.png>
Package pdftex.def Info: Blender/ParabolaLineIntegration-ConeTriangles-f2_0001.
png  used on input line 99.
(pdftex.def)             Requested size: 281.85587pt x 219.78358pt.
 [3 <./Blender/ParabolaLineIntegration-ConeDiagram-f2_0001.png> <./Blender/Para
bolaLineIntegration-ConeGIF-f2_0090.png>]
<Blender/ParabolaLineIntegration-ConeTanTriangle-f2_0001.png, id=169, 1084.05pt
 x 1084.05pt>
File: Blender/ParabolaLineIntegration-ConeTanTriangle-f2_0001.png Graphic file 
(type png)
<use Blender/ParabolaLineIntegration-ConeTanTriangle-f2_0001.png>
Package pdftex.def Info: Blender/ParabolaLineIntegration-ConeTanTriangle-f2_000
1.png  used on input line 111.
(pdftex.def)             Requested size: 220.78543pt x 220.77606pt.

[4 <./Blender/ParabolaLineIntegration-ConeTriangles-f2_0001.png> <./Blender/Par
abolaLineIntegration-ConeTanTriangle-f2_0001.png>] [5] [6]
<Blender/ParabolaLineIntegration-ShellDiagram-f2_0001.png, id=200, 1390.19376pt
 x 1084.05pt>
File: Blender/ParabolaLineIntegration-ShellDiagram-f2_0001.png Graphic file (ty
pe png)
<use Blender/ParabolaLineIntegration-ShellDiagram-f2_0001.png>
Package pdftex.def Info: Blender/ParabolaLineIntegration-ShellDiagram-f2_0001.p
ng  used on input line 159.
(pdftex.def)             Requested size: 150.32504pt x 117.21129pt.
<Blender/ParabolaLineIntegration-ShellCylinder1-f2_0001.png, id=201, 1390.19376
pt x 1084.05pt>
File: Blender/ParabolaLineIntegration-ShellCylinder1-f2_0001.png Graphic file (
type png)
<use Blender/ParabolaLineIntegration-ShellCylinder1-f2_0001.png>
Package pdftex.def Info: Blender/ParabolaLineIntegration-ShellCylinder1-f2_0001
.png  used on input line 164.
(pdftex.def)             Requested size: 150.32504pt x 117.21129pt.
<Blender/ParabolaLineIntegration-ShellCylinder2-f2_0001.png, id=202, 1390.19376
pt x 1084.05pt>
File: Blender/ParabolaLineIntegration-ShellCylinder2-f2_0001.png Graphic file (
type png)
<use Blender/ParabolaLineIntegration-ShellCylinder2-f2_0001.png>
Package pdftex.def Info: Blender/ParabolaLineIntegration-ShellCylinder2-f2_0001
.png  used on input line 169.
(pdftex.def)             Requested size: 150.32504pt x 117.21129pt.
 [7 <./Blender/ParabolaLineIntegration-ShellDiagram-f2_0001.png> <./Blender/Par
abolaLineIntegration-ShellCylinder1-f2_0001.png> <./Blender/ParabolaLineIntegra
tion-ShellCylinder2-f2_0001.png>]
<Blender/ParabolaLineIntegration-ShellXY12-f2_0001.png, id=226, 1390.19376pt x 
1084.05pt>
File: Blender/ParabolaLineIntegration-ShellXY12-f2_0001.png Graphic file (type 
png)
<use Blender/ParabolaLineIntegration-ShellXY12-f2_0001.png>
Package pdftex.def Info: Blender/ParabolaLineIntegration-ShellXY12-f2_0001.png 
 used on input line 217.
(pdftex.def)             Requested size: 267.7638pt x 208.78365pt.
 [8 <./Blender/ParabolaLineIntegration-ShellXY12-f2_0001.png>]
[9] [10] [11]
<Blender/ParabolaLineIntegration-DiskDisk1-f2_0001.png, id=254, 1390.19376pt x 
1084.05pt>
File: Blender/ParabolaLineIntegration-DiskDisk1-f2_0001.png Graphic file (type 
png)
<use Blender/ParabolaLineIntegration-DiskDisk1-f2_0001.png>
Package pdftex.def Info: Blender/ParabolaLineIntegration-DiskDisk1-f2_0001.png 
 used on input line 284.
(pdftex.def)             Requested size: 187.89914pt x 146.50584pt.
<Blender/ParabolaLineIntegration-DiskDisk2-f2_0001.png, id=255, 1390.19376pt x 
1084.05pt>
File: Blender/ParabolaLineIntegration-DiskDisk2-f2_0001.png Graphic file (type 
png)
<use Blender/ParabolaLineIntegration-DiskDisk2-f2_0001.png>
Package pdftex.def Info: Blender/ParabolaLineIntegration-DiskDisk2-f2_0001.png 
 used on input line 289.
(pdftex.def)             Requested size: 187.89914pt x 146.50584pt.
 [12 <./Blender/ParabolaLineIntegration-DiskDisk1-f2_0001.png> <./Blender/Parab
olaLineIntegration-DiskDisk2-f2_0001.png>]
<Blender/ParabolaLineIntegration-DiskFD1-f2_0001.png, id=274, 1084.05pt x 1084.
05pt>
File: Blender/ParabolaLineIntegration-DiskFD1-f2_0001.png Graphic file (type pn
g)
<use Blender/ParabolaLineIntegration-DiskFD1-f2_0001.png>
Package pdftex.def Info: Blender/ParabolaLineIntegration-DiskFD1-f2_0001.png  u
sed on input line 318.
(pdftex.def)             Requested size: 281.85587pt x 281.84636pt.
 [13 <./Blender/ParabolaLineIntegration-DiskFD1-f2_0001.png>]
<Blender/ParabolaLineIntegration-DiskParameter-f_0001.png, id=284, 1084.05pt x 
1084.05pt>
File: Blender/ParabolaLineIntegration-DiskParameter-f_0001.png Graphic file (ty
pe png)
<use Blender/ParabolaLineIntegration-DiskParameter-f_0001.png>
Package pdftex.def Info: Blender/ParabolaLineIntegration-DiskParameter-f_0001.p
ng  used on input line 347.
(pdftex.def)             Requested size: 253.66455pt x 253.66006pt.
 [14 <./Blender/ParabolaLineIntegration-DiskParameter-f_0001.png>]
<Blender/ParabolaLineIntegration-DiskFD2-f2_0001.png, id=298, 1084.05pt x 1084.
05pt>
File: Blender/ParabolaLineIntegration-DiskFD2-f2_0001.png Graphic file (type pn
g)
<use Blender/ParabolaLineIntegration-DiskFD2-f2_0001.png>
Package pdftex.def Info: Blender/ParabolaLineIntegration-DiskFD2-f2_0001.png  u
sed on input line 389.
(pdftex.def)             Requested size: 281.85587pt x 281.84636pt.


LaTeX Warning: `!h' float specifier changed to `!ht'.

[15] [16 <./Blender/ParabolaLineIntegration-DiskFD2-f2_0001.png>] [17]
Overfull \hbox (10.73123pt too wide) detected at line 471
[]
 []

[18] [19] [20] (./SORVolumes.bbl
Underfull \hbox (badness 10000) in paragraph at lines 4--11
[]$[] \OT1/cmr/m/n/10 ([][])$, ``Sim-plest way to find
 []


Underfull \hbox (badness 10000) in paragraph at lines 4--11
\OT1/cmr/m/n/10 vol-ume of solid of rev-o-lu-tion around given line.'' \OT1/cmr
/m/it/10 Math-e-mat-ics Stack Ex-change\OT1/cmr/m/n/10 .
 []


Underfull \hbox (badness 10000) in paragraph at lines 13--20
[][] \OT1/cmr/m/n/10 ([]$[]$[]), ``Sim-plest way to
 []


Underfull \hbox (badness 10000) in paragraph at lines 13--20
\OT1/cmr/m/n/10 find vol-ume of solid of rev-o-lu-tion around given line.'' \OT
1/cmr/m/it/10 Math-e-mat-ics Stack Ex-change\OT1/cmr/m/n/10 .
 []


Underfull \hbox (badness 10000) in paragraph at lines 22--29
[]$[] \OT1/cmr/m/n/10 ([][])$, ``Sim-plest way to
 []


Underfull \hbox (badness 10000) in paragraph at lines 22--29
\OT1/cmr/m/n/10 find vol-ume of solid of rev-o-lu-tion around given line.'' \OT
1/cmr/m/it/10 Math-e-mat-ics Stack Ex-change\OT1/cmr/m/n/10 .
 []

)
Package atveryend Info: Empty hook `BeforeClearDocument' on input line 509.
 [21]
Package atveryend Info: Empty hook `AfterLastShipout' on input line 509.
 (./SORVolumes.aux)
Package atveryend Info: Executing hook `AtVeryEndDocument' on input line 509.
Package atveryend Info: Executing hook `AtEndAfterFileList' on input line 509.
Package rerunfilecheck Info: File `SORVolumes.out' has not changed.
(rerunfilecheck)             Checksum: 1ACC9B4DC37152CA15EFABA0F4C0F73D;943.
Package atveryend Info: Empty hook `AtVeryVeryEnd' on input line 509.
 ) 
Here is how much of TeX's memory you used:
 8251 strings out of 492649
 124815 string characters out of 6129622
 345581 words of memory out of 5000000
 11945 multiletter control sequences out of 15000+600000
 11204 words of font info for 40 fonts, out of 8000000 for 9000
 1141 hyphenation exceptions out of 8191
 42i,14n,43p,1301b,507s stack positions out of 5000i,500n,10000p,200000b,80000s
</usr/local/texlive/2018/texmf-dist/fonts/type1/public/amsfonts/cm/cmbx10.pfb
></usr/local/texlive/2018/texmf-dist/fonts/type1/public/amsfonts/cm/cmbx12.pfb>
</usr/local/texlive/2018/texmf-dist/fonts/type1/public/amsfonts/cm/cmex10.pfb><
/usr/local/texlive/2018/texmf-dist/fonts/type1/public/amsfonts/cm/cmmi10.pfb></
usr/local/texlive/2018/texmf-dist/fonts/type1/public/amsfonts/cm/cmmi5.pfb></us
r/local/texlive/2018/texmf-dist/fonts/type1/public/amsfonts/cm/cmmi7.pfb></usr/
local/texlive/2018/texmf-dist/fonts/type1/public/amsfonts/cm/cmmi8.pfb></usr/lo
cal/texlive/2018/texmf-dist/fonts/type1/public/amsfonts/cm/cmmi9.pfb></usr/loca
l/texlive/2018/texmf-dist/fonts/type1/public/amsfonts/cm/cmr10.pfb></usr/local/
texlive/2018/texmf-dist/fonts/type1/public/amsfonts/cm/cmr12.pfb></usr/local/te
xlive/2018/texmf-dist/fonts/type1/public/amsfonts/cm/cmr17.pfb></usr/local/texl
ive/2018/texmf-dist/fonts/type1/public/amsfonts/cm/cmr5.pfb></usr/local/texlive
/2018/texmf-dist/fonts/type1/public/amsfonts/cm/cmr6.pfb></usr/local/texlive/20
18/texmf-dist/fonts/type1/public/amsfonts/cm/cmr7.pfb></usr/local/texlive/2018/
texmf-dist/fonts/type1/public/amsfonts/cm/cmr8.pfb></usr/local/texlive/2018/tex
mf-dist/fonts/type1/public/amsfonts/cm/cmr9.pfb></usr/local/texlive/2018/texmf-
dist/fonts/type1/public/amsfonts/cm/cmsy10.pfb></usr/local/texlive/2018/texmf-d
ist/fonts/type1/public/amsfonts/cm/cmsy7.pfb></usr/local/texlive/2018/texmf-dis
t/fonts/type1/public/amsfonts/cm/cmti10.pfb>
Output written on SORVolumes.pdf (23 pages, 2021214 bytes).
PDF statistics:
 433 PDF objects out of 1000 (max. 8388607)
 353 compressed objects within 4 object streams
 90 named destinations out of 1000 (max. 500000)
 209 words of extra memory for PDF output out of 10000 (max. 10000000)

